<?xml version="1.0" encoding="UTF-8"?>
<!-- Generated by org.testng.reporters.JUnitXMLReporter -->
<testsuite hostname="INT-01544" ignored="0" name="Test Automation Api" tests="4" failures="0" timestamp="2021-08-30T19:06:49 CAT" time="6.119" errors="0">
  <testcase name="displayBreed" time="2.491" classname="testsApi.DisplayBreed"/>
  <testcase name="displayBreed" time="0.914" classname="testsApi.DogImageLink"/>
  <testcase name="displayDogs" time="1.327" classname="testsApi.FindDog"/>
  <testcase name="displayDogs" time="0.675" classname="testsApi.DogsDisplay"/>
</testsuite> <!-- Test Automation Api -->
